[0KRunning with gitlab-runner 11.4.2 (cf91d5e1)
[0;m[0K  on dockerized runner 478097d8
[0;m[0KUsing Docker executor with image maven:3 ...
[0;m[0KPulling docker image maven:3 ...
[0;m[0KUsing docker image sha256:9502b11ef5292320e9c87e2c76f0f2c889a054ceee2a1e04176c859621be21b4 for maven:3 ...
[0;msection_start:1541959953:prepare_script[0KRunning on runner-478097d8-project-1-concurrent-0 via 283af80b952b...
section_end:1541959956:prepare_script[0Ksection_start:1541959956:get_sources[0K[32;1mFetching changes...[0;m
Removing target/
HEAD is now at 672f252 Update .gitlab-ci.yml
From http://gitlab/root/spring-boot-examples
   672f252..8dedb00  master     -> origin/master
[32;1mChecking out 8dedb00e as master...[0;m
[32;1mSkipping Git submodules setup[0;m
section_end:1541959958:get_sources[0Ksection_start:1541959958:restore_cache[0K[32;1mChecking cache for default...[0;m
No URL provided, cache will be not downloaded from shared cache server. Instead a local version of cache will be extracted.[0;m 
[32;1mSuccessfully extracted cache[0;m
section_end:1541959961:restore_cache[0Ksection_start:1541959961:download_artifacts[0Ksection_end:1541959963:download_artifacts[0Ksection_start:1541959963:build_script[0K[32;1m$ mvn $MAVEN_CLI_OPTS compile[0;m
[ERROR] Error executing Maven.
[ERROR] The specified user settings file does not exist: /builds/root/spring-boot-examples/settings.xml
section_end:1541959966:build_script[0Ksection_start:1541959966:after_script[0Ksection_end:1541959968:after_script[0Ksection_start:1541959968:upload_artifacts_on_failure[0Ksection_end:1541959970:upload_artifacts_on_failure[0K[31;1mERROR: Job failed: exit code 1
[0;m