[0KRunning with gitlab-runner 11.4.2 (cf91d5e1)
[0;m[0K  on dockerized runner 478097d8
[0;m[0KUsing Docker executor with image maven:3.3.9-jdk-8 ...
[0;m[0KPulling docker image maven:3.3.9-jdk-8 ...
[0;m[0KUsing docker image sha256:9997d8483b2fc521a4159feab922546dda0c5c22b5084f86dfab48f123ae4364 for maven:3.3.9-jdk-8 ...
[0;msection_start:1541960432:prepare_script[0KRunning on runner-478097d8-project-1-concurrent-0 via 283af80b952b...
section_end:1541960434:prepare_script[0Ksection_start:1541960434:get_sources[0K[32;1mFetching changes...[0;m
Removing .m2/
Removing target/
HEAD is now at 7fc6c54 Update .gitlab-ci.yml
[32;1mChecking out 7fc6c54e as master...[0;m
[32;1mSkipping Git submodules setup[0;m
section_end:1541960436:get_sources[0Ksection_start:1541960436:restore_cache[0K[32;1mChecking cache for default...[0;m
No URL provided, cache will be not downloaded from shared cache server. Instead a local version of cache will be extracted.[0;m 
[32;1mSuccessfully extracted cache[0;m
section_end:1541960439:restore_cache[0Ksection_start:1541960439:download_artifacts[0Ksection_end:1541960441:download_artifacts[0Ksection_start:1541960441:build_script[0K[32;1m$ echo DONE[0;m
DONE
section_end:1541960443:build_script[0Ksection_start:1541960443:after_script[0Ksection_end:1541960445:after_script[0Ksection_start:1541960445:archive_cache[0K[32;1mCreating cache default...[0;m
.m2/repository/: found 1728 matching files        [0;m 
target/: found 82 matching files                  [0;m 
Archive is up to date!                            [0;m 
[32;1mCreated cache[0;m
section_end:1541960447:archive_cache[0Ksection_start:1541960447:upload_artifacts_on_success[0Ksection_end:1541960449:upload_artifacts_on_success[0K[32;1mJob succeeded
[0;m