[0KRunning with gitlab-runner 11.4.2 (cf91d5e1)
[0;m[0K  on dockerized runner 478097d8
[0;m[0KUsing Docker executor with image maven:3 ...
[0;m[0KPulling docker image maven:3 ...
[0;m[0KUsing docker image sha256:9502b11ef5292320e9c87e2c76f0f2c889a054ceee2a1e04176c859621be21b4 for maven:3 ...
[0;msection_start:1541959891:prepare_script[0KRunning on runner-478097d8-project-1-concurrent-0 via 283af80b952b...
section_end:1541959893:prepare_script[0Ksection_start:1541959893:get_sources[0K[32;1mFetching changes...[0;m
Removing target/
HEAD is now at 07e2ad1 Update .gitlab-ci.yml
From http://gitlab/root/spring-boot-examples
   07e2ad1..672f252  master     -> origin/master
[32;1mChecking out 672f2525 as master...[0;m
[32;1mSkipping Git submodules setup[0;m
section_end:1541959895:get_sources[0Ksection_start:1541959895:restore_cache[0K[32;1mChecking cache for default...[0;m
No URL provided, cache will be not downloaded from shared cache server. Instead a local version of cache will be extracted.[0;m 
[32;1mSuccessfully extracted cache[0;m
section_end:1541959899:restore_cache[0Ksection_start:1541959899:download_artifacts[0Ksection_end:1541959901:download_artifacts[0Ksection_start:1541959901:build_script[0K[32;1m$ mvn $MAVEN_CLI_OPTS compile[0;m
[ERROR] Error executing Maven.
[ERROR] The specified user settings file does not exist: /builds/root/spring-boot-examples/.m2/settings.xml
section_end:1541959905:build_script[0Ksection_start:1541959905:after_script[0Ksection_end:1541959907:after_script[0Ksection_start:1541959907:upload_artifacts_on_failure[0Ksection_end:1541959909:upload_artifacts_on_failure[0K[31;1mERROR: Job failed: exit code 1
[0;m